0 info it worked if it ends with ok
1 verbose cli [ '/usr/bin/node', '/usr/bin/npm', 'i', '-global', 'now-cli' ]
2 info using npm@3.5.2
3 info using node@v8.10.0
4 silly loadCurrentTree Starting
5 silly install loadCurrentTree
6 silly install readGlobalPackageData
7 silly fetchPackageMetaData now-cli
8 silly fetchNamedPackageData now-cli
9 silly mapToRegistry name now-cli
10 silly mapToRegistry using default registry
11 silly mapToRegistry registry https://registry.npmjs.org/
12 silly mapToRegistry uri https://registry.npmjs.org/now-cli
13 verbose request uri https://registry.npmjs.org/now-cli
14 verbose request no auth needed
15 info attempt registry request try #1 at 5:13:45 PM
16 verbose request id 449a7903a055b0da
17 verbose etag W/"c1dd584d95d7014bcd7ebd7c5d7dfba4"
18 verbose lastModified Sun, 27 May 2018 10:36:21 GMT
19 http request GET https://registry.npmjs.org/now-cli
20 http 304 https://registry.npmjs.org/now-cli
21 verbose headers { date: 'Wed, 09 Oct 2019 22:13:46 GMT',
21 verbose headers   connection: 'keep-alive',
21 verbose headers   'set-cookie':
21 verbose headers    [ '__cfduid=da93731901a6a21ff1c98d3fd1fd3b33d1570659226; expires=Thu, 08-Oct-20 22:13:46 GMT; path=/; domain=.npmjs.org; HttpOnly' ],
21 verbose headers   'cf-cache-status': 'REVALIDATED',
21 verbose headers   'cache-control': 'max-age=300',
21 verbose headers   'cf-ray': '5233b422bd2bd515-MIA',
21 verbose headers   etag: '"c1dd584d95d7014bcd7ebd7c5d7dfba4"',
21 verbose headers   'expect-ct': 'max-age=604800, report-uri="https://report-uri.cloudflare.com/cdn-cgi/beacon/expect-ct"',
21 verbose headers   'last-modified': 'Sun, 27 May 2018 10:36:21 GMT',
21 verbose headers   vary: 'accept-encoding, accept',
21 verbose headers   server: 'cloudflare' }
22 silly get cb [ 304,
22 silly get   { date: 'Wed, 09 Oct 2019 22:13:46 GMT',
22 silly get     connection: 'keep-alive',
22 silly get     'set-cookie':
22 silly get      [ '__cfduid=da93731901a6a21ff1c98d3fd1fd3b33d1570659226; expires=Thu, 08-Oct-20 22:13:46 GMT; path=/; domain=.npmjs.org; HttpOnly' ],
22 silly get     'cf-cache-status': 'REVALIDATED',
22 silly get     'cache-control': 'max-age=300',
22 silly get     'cf-ray': '5233b422bd2bd515-MIA',
22 silly get     etag: '"c1dd584d95d7014bcd7ebd7c5d7dfba4"',
22 silly get     'expect-ct': 'max-age=604800, report-uri="https://report-uri.cloudflare.com/cdn-cgi/beacon/expect-ct"',
22 silly get     'last-modified': 'Sun, 27 May 2018 10:36:21 GMT',
22 silly get     vary: 'accept-encoding, accept',
22 silly get     server: 'cloudflare' } ]
23 verbose etag https://registry.npmjs.org/now-cli from cache
24 verbose get saving now-cli to /home/dekker/.npm/registry.npmjs.org/now-cli/.cache.json
25 silly install normalizeTree
26 silly loadCurrentTree Finishing
27 silly loadIdealTree Starting
28 silly install loadIdealTree
29 silly cloneCurrentTree Starting
30 silly install cloneCurrentTreeToIdealTree
31 silly cloneCurrentTree Finishing
32 silly loadShrinkwrap Starting
33 silly install loadShrinkwrap
34 silly loadShrinkwrap Finishing
35 silly loadAllDepsIntoIdealTree Starting
36 silly install loadAllDepsIntoIdealTree
37 silly resolveWithNewModule now-cli@0.0.0 checking installable status
38 silly cache add args [ 'now-cli', null ]
39 verbose cache add spec now-cli
40 silly cache add parsed spec Result {
40 silly cache add   raw: 'now-cli',
40 silly cache add   scope: null,
40 silly cache add   name: 'now-cli',
40 silly cache add   rawSpec: '',
40 silly cache add   spec: 'latest',
40 silly cache add   type: 'tag' }
41 silly addNamed now-cli@latest
42 verbose addNamed "latest" is being treated as a dist-tag for now-cli
43 info addNameTag [ 'now-cli', 'latest' ]
44 silly mapToRegistry name now-cli
45 silly mapToRegistry using default registry
46 silly mapToRegistry registry https://registry.npmjs.org/
47 silly mapToRegistry uri https://registry.npmjs.org/now-cli
48 verbose addNameTag registry:https://registry.npmjs.org/now-cli not in flight; fetching
49 verbose get https://registry.npmjs.org/now-cli not expired, no request
50 silly addNameTag next cb for now-cli with tag latest
51 silly addNamed now-cli@0.0.0
52 verbose addNamed "0.0.0" is a plain semver version for now-cli
53 warn deprecated now-cli@0.0.0: Please use now instead, the current package is not maintained.
54 silly cache afterAdd now-cli@0.0.0
55 verbose afterAdd /home/dekker/.npm/now-cli/0.0.0/package/package.json not in flight; writing
56 verbose afterAdd /home/dekker/.npm/now-cli/0.0.0/package/package.json written
57 silly loadAllDepsIntoIdealTree Finishing
58 silly idealTree:prePrune lib
58 silly idealTree:prePrune └── now-cli@0.0.0
59 silly loadIdealTree Finishing
60 silly currentTree lib
61 silly idealTree lib
61 silly idealTree └── now-cli@0.0.0
62 silly generateActionsToTake Starting
63 silly install generateActionsToTake
64 warn checkPermissions Missing write access to /usr/local/lib
65 silly rollbackFailedOptional Starting
66 silly rollbackFailedOptional Finishing
67 silly runTopLevelLifecycles Starting
68 silly runTopLevelLifecycles Finishing
69 silly install printInstalled
70 verbose stack Error: EACCES: permission denied, access '/usr/local/lib'
71 verbose cwd /home/dekker/Documents/proyectos/bucciarati
72 error Linux 5.0.0-31-generic
73 error argv "/usr/bin/node" "/usr/bin/npm" "i" "-global" "now-cli"
74 error node v8.10.0
75 error npm  v3.5.2
76 error path /usr/local/lib
77 error code EACCES
78 error errno -13
79 error syscall access
80 error Error: EACCES: permission denied, access '/usr/local/lib'
80 error  { Error: EACCES: permission denied, access '/usr/local/lib'
80 error   errno: -13,
80 error   code: 'EACCES',
80 error   syscall: 'access',
80 error   path: '/usr/local/lib' }
81 error Please try running this command again as root/Administrator.
82 verbose exit [ -13, true ]
